<?xml version="1.0" encoding="UTF-8"?>
<testng-results ignored="7" total="10" passed="3" failed="0" skipped="0">
  <reporter-output>
  </reporter-output>
  <suite started-at="2024-07-18T22:17:18 IST" name="Gradle suite" finished-at="2024-07-18T22:17:51 IST" duration-ms="32960">
    <groups>
    </groups>
    <test started-at="2024-07-18T22:17:18 IST" name="Gradle test" finished-at="2024-07-18T22:17:51 IST" duration-ms="32960">
      <class name="qtriptest.tests.testCase_01">
        <test-method is-config="true" signature="createDriver()[pri:0, instance:qtriptest.tests.testCase_01@437da279]" started-at="2024-07-18T22:17:15 IST" name="createDriver" finished-at="2024-07-18T22:17:18 IST" duration-ms="2979" status="PASS">
          <reporter-output>
          </reporter-output>
        </test-method> <!-- createDriver -->
        <test-method signature="TestCase01(java.lang.String,java.lang.String)[pri:0, instance:qtriptest.tests.testCase_01@437da279]" started-at="2024-07-18T22:17:20 IST" name="TestCase01" description="Verify functionality of - Register new user, login user, and logout user" data-provider="qTripData" finished-at="2024-07-18T22:17:31 IST" duration-ms="10956" status="PASS">
          <params>
            <param index="0">
              <value>
                <![CDATA[testuser@gmail.com]]>
              </value>
            </param>
            <param index="1">
              <value>
                <![CDATA[abc@123]]>
              </value>
            </param>
          </params>
          <reporter-output>
          </reporter-output>
        </test-method> <!-- TestCase01 -->
        <test-method signature="TestCase01(java.lang.String,java.lang.String)[pri:0, instance:qtriptest.tests.testCase_01@437da279]" started-at="2024-07-18T22:17:31 IST" name="TestCase01" description="Verify functionality of - Register new user, login user, and logout user" data-provider="qTripData" finished-at="2024-07-18T22:17:41 IST" duration-ms="10218" status="PASS">
          <params>
            <param index="0">
              <value>
                <![CDATA[TESTUSER@gmail.com]]>
              </value>
            </param>
            <param index="1">
              <value>
                <![CDATA[123456.0]]>
              </value>
            </param>
          </params>
          <reporter-output>
          </reporter-output>
        </test-method> <!-- TestCase01 -->
        <test-method signature="TestCase01(java.lang.String,java.lang.String)[pri:0, instance:qtriptest.tests.testCase_01@437da279]" started-at="2024-07-18T22:17:41 IST" name="TestCase01" description="Verify functionality of - Register new user, login user, and logout user" data-provider="qTripData" finished-at="2024-07-18T22:17:51 IST" duration-ms="9732" status="PASS">
          <params>
            <param index="0">
              <value>
                <![CDATA[123_USER_low@gmail.com]]>
              </value>
            </param>
            <param index="1">
              <value>
                <![CDATA[QWERTY!!!!]]>
              </value>
            </param>
          </params>
          <reporter-output>
          </reporter-output>
        </test-method> <!-- TestCase01 -->
        <test-method is-config="true" signature="quitDriver()[pri:0, instance:qtriptest.tests.testCase_01@437da279]" started-at="2024-07-18T22:17:51 IST" name="quitDriver" finished-at="2024-07-18T22:17:51 IST" duration-ms="223" status="PASS">
          <reporter-output>
          </reporter-output>
        </test-method> <!-- quitDriver -->
      </class> <!-- qtriptest.tests.testCase_01 -->
    </test> <!-- Gradle test -->
  </suite> <!-- Gradle suite -->
</testng-results>
